2026-06-22 17:23:13,983 [1] DEBUG HostService - SetCurrentDirectory:D:\SMOMDev0622\SMOM.KAIZHONG\SMOM.KAIZHONG\Projects\SMOM\SIE.WebApiHost\bin\Debug\net6.0
2026-06-22 17:23:13,998 [1] INFO  HostService - 宿主环境:Development urls:
2026-06-22 17:23:13,998 [1] INFO  HostService - 使用URLs:http://*:1154
2026-06-22 17:23:14,069 [1] WARN  HostService - 当前使用iisexpress运行，Http上传配置受限于iisexpress, 请注意生产环境是dotnet自托管执行！
2026-06-22 17:23:14,071 [1] DEBUG HostService - Api Host Build...
2026-06-22 17:23:14,072 [1] DEBUG HostService - HostService Starting...
2026-06-22 17:23:14,075 [1] DEBUG HostService - dotnet run:False
2026-06-22 17:23:18,620 [1] DEBUG HostService - HostService Starting ...
2026-06-22 17:23:18,621 [1] DEBUG HostService - 用户交互状态，阻塞执行！
2026-06-24 17:04:07,958 [1] DEBUG HostService - SetCurrentDirectory:D:\SMOMDev0622\SMOM.KAIZHONG\SMOM.KAIZHONG\Projects\SMOM\SIE.WebApiHost\bin\Debug\net6.0
2026-06-24 17:04:07,976 [1] INFO  HostService - 宿主环境:Development urls:
2026-06-24 17:04:07,977 [1] INFO  HostService - 使用URLs:http://*:1154
2026-06-24 17:04:08,074 [1] WARN  HostService - 当前使用iisexpress运行，Http上传配置受限于iisexpress, 请注意生产环境是dotnet自托管执行！
2026-06-24 17:04:08,081 [1] DEBUG HostService - Api Host Build...
2026-06-24 17:04:08,082 [1] DEBUG HostService - HostService Starting...
2026-06-24 17:04:08,086 [1] DEBUG HostService - dotnet run:False
2026-06-24 17:04:12,894 [1] DEBUG HostService - HostService Starting ...
2026-06-24 17:04:12,895 [1] DEBUG HostService - 用户交互状态，阻塞执行！
2026-06-25 11:07:39,179 [1] DEBUG HostService - SetCurrentDirectory:D:\SMOMDev0622\SMOM.KAIZHONG\SMOM.KAIZHONG\Projects\SMOM\SIE.WebApiHost\bin\Debug\net6.0
2026-06-25 11:07:39,193 [1] INFO  HostService - 宿主环境:Development urls:http://localhost:8080/
2026-06-25 11:07:39,194 [1] INFO  HostService - 使用URLs:http://*:1154
2026-06-25 11:07:39,412 [1] DEBUG HostService - Api Host Build...
2026-06-25 11:07:39,457 [1] DEBUG HostService - HostService Starting...
2026-06-25 11:07:39,466 [1] DEBUG HostService - dotnet run:False
2026-06-25 11:07:44,195 [1] DEBUG HostService - HostService Starting ...
2026-06-25 11:07:44,196 [1] DEBUG HostService - 用户交互状态，阻塞执行！
2026-06-25 11:09:59,409 [1] DEBUG HostService - SetCurrentDirectory:D:\SMOMDev0622\SMOM.KAIZHONG\SMOM.KAIZHONG\Projects\SMOM\SIE.WebApiHost\bin\Debug\net6.0
2026-06-25 11:09:59,423 [1] INFO  HostService - 宿主环境:Development urls:http://localhost:8080/
2026-06-25 11:09:59,424 [1] INFO  HostService - 使用URLs:http://*:1154
2026-06-25 11:09:59,584 [1] DEBUG HostService - Api Host Build...
2026-06-25 11:09:59,620 [1] DEBUG HostService - HostService Starting...
2026-06-25 11:09:59,623 [1] DEBUG HostService - dotnet run:False
2026-06-25 11:10:04,029 [1] DEBUG HostService - HostService Starting ...
2026-06-25 11:10:04,030 [1] DEBUG HostService - 用户交互状态，阻塞执行！
2026-06-25 11:15:50,210 [1] DEBUG HostService - SetCurrentDirectory:D:\SMOMDev0622\SMOM.KAIZHONG\SMOM.KAIZHONG\Projects\SMOM\SIE.WebApiHost\bin\Debug\net6.0
2026-06-25 11:15:50,222 [1] INFO  HostService - 宿主环境:Development urls:http://localhost:8080/
2026-06-25 11:15:50,223 [1] INFO  HostService - 使用URLs:http://*:1154
2026-06-25 11:15:50,298 [1] DEBUG HostService - Api Host Build...
2026-06-25 11:15:50,325 [1] DEBUG HostService - HostService Starting...
2026-06-25 11:15:50,327 [1] DEBUG HostService - dotnet run:False
2026-06-25 11:15:54,506 [1] DEBUG HostService - HostService Starting ...
2026-06-25 11:15:54,507 [1] DEBUG HostService - 用户交互状态，阻塞执行！
2026-06-25 11:18:27,943 [88] DEBUG HostService - HostService Stopping ...
2026-06-25 11:18:27,964 [88] DEBUG HostService - HostService Stopped
2026-06-25 11:18:27,986 [1] DEBUG HostService - HostService Started
2026-06-25 11:20:53,982 [1] DEBUG HostService - SetCurrentDirectory:D:\SMOMDev0622\SMOM.KAIZHONG\SMOM.KAIZHONG\Projects\SMOM\SIE.WebApiHost\bin\Debug\net6.0
2026-06-25 11:20:53,995 [1] INFO  HostService - 宿主环境:Development urls:http://localhost:8080/
2026-06-25 11:20:53,996 [1] INFO  HostService - 使用URLs:http://*:1154
2026-06-25 11:20:54,088 [1] DEBUG HostService - Api Host Build...
2026-06-25 11:20:54,119 [1] DEBUG HostService - HostService Starting...
2026-06-25 11:20:54,126 [1] DEBUG HostService - dotnet run:False
2026-06-25 11:20:58,553 [1] DEBUG HostService - HostService Starting ...
2026-06-25 11:20:58,554 [1] DEBUG HostService - 用户交互状态，阻塞执行！
2026-06-25 11:26:07,007 [1] DEBUG HostService - SetCurrentDirectory:D:\SMOMDev0622\SMOM.KAIZHONG\SMOM.KAIZHONG\Projects\SMOM\SIE.WebApiHost\bin\Debug\net6.0
2026-06-25 11:26:07,018 [1] INFO  HostService - 宿主环境:Development urls:http://localhost:8080/
2026-06-25 11:26:07,019 [1] INFO  HostService - 使用URLs:http://*:1154
2026-06-25 11:26:07,107 [1] DEBUG HostService - Api Host Build...
2026-06-25 11:26:07,143 [1] DEBUG HostService - HostService Starting...
2026-06-25 11:26:07,146 [1] DEBUG HostService - dotnet run:False
2026-06-25 11:26:11,324 [1] DEBUG HostService - HostService Starting ...
2026-06-25 11:26:11,325 [1] DEBUG HostService - 用户交互状态，阻塞执行！
2026-06-25 11:27:26,739 [1] DEBUG HostService - SetCurrentDirectory:D:\SMOMDev0622\SMOM.KAIZHONG\SMOM.KAIZHONG\Projects\SMOM\SIE.WebApiHost\bin\Debug\net6.0
2026-06-25 11:27:26,751 [1] INFO  HostService - 宿主环境:Development urls:http://localhost:8080/
2026-06-25 11:27:26,752 [1] INFO  HostService - 使用URLs:http://*:1154
2026-06-25 11:27:26,841 [1] DEBUG HostService - Api Host Build...
2026-06-25 11:27:26,869 [1] DEBUG HostService - HostService Starting...
2026-06-25 11:27:26,871 [1] DEBUG HostService - dotnet run:False
2026-06-25 11:27:31,151 [1] DEBUG HostService - HostService Starting ...
2026-06-25 11:27:31,152 [1] DEBUG HostService - 用户交互状态，阻塞执行！
2026-06-26 16:19:16,785 [1] DEBUG HostService - SetCurrentDirectory:D:\SMOMDev0622\SMOM.KAIZHONG\SMOM.KAIZHONG\Projects\SMOM\SIE.WebApiHost\bin\Debug\net6.0
2026-06-26 16:19:16,802 [1] INFO  HostService - 宿主环境:Development urls:
2026-06-26 16:19:16,803 [1] INFO  HostService - 使用URLs:http://*:1154
2026-06-26 16:19:16,977 [1] WARN  HostService - 当前使用iisexpress运行，Http上传配置受限于iisexpress, 请注意生产环境是dotnet自托管执行！
2026-06-26 16:19:16,982 [1] DEBUG HostService - Api Host Build...
2026-06-26 16:19:16,982 [1] DEBUG HostService - HostService Starting...
2026-06-26 16:19:16,986 [1] DEBUG HostService - dotnet run:False
2026-06-26 16:19:22,693 [1] DEBUG HostService - HostService Starting ...
2026-06-26 16:19:22,693 [1] DEBUG HostService - 用户交互状态，阻塞执行！
2026-07-01 09:48:37,560 [1] DEBUG HostService - SetCurrentDirectory:D:\SMOMDev0622\SMOM.KAIZHONG\SMOM.KAIZHONG\Projects\SMOM\SIE.WebApiHost\bin\Debug\net6.0
2026-07-01 09:48:37,573 [1] INFO  HostService - 宿主环境:Development urls:http://localhost:8080/
2026-07-01 09:48:37,574 [1] INFO  HostService - 使用URLs:http://*:1154
2026-07-01 09:48:37,762 [1] DEBUG HostService - Api Host Build...
2026-07-01 09:48:37,798 [1] DEBUG HostService - HostService Starting...
2026-07-01 09:48:37,801 [1] DEBUG HostService - dotnet run:False
2026-07-01 09:48:46,430 [1] DEBUG HostService - HostService Starting ...
2026-07-01 09:48:46,431 [1] DEBUG HostService - 用户交互状态，阻塞执行！
2026-07-01 09:51:15,643 [1] DEBUG HostService - SetCurrentDirectory:D:\SMOMDev0622\SMOM.KAIZHONG\SMOM.KAIZHONG\Projects\SMOM\SIE.WebApiHost\bin\Debug\net6.0
2026-07-01 09:51:15,664 [1] INFO  HostService - 宿主环境:Development urls:
2026-07-01 09:51:15,664 [1] INFO  HostService - 使用URLs:http://*:1154
2026-07-01 09:51:16,199 [1] WARN  HostService - 当前使用iisexpress运行，Http上传配置受限于iisexpress, 请注意生产环境是dotnet自托管执行！
2026-07-01 09:51:16,204 [1] DEBUG HostService - Api Host Build...
2026-07-01 09:51:16,205 [1] DEBUG HostService - HostService Starting...
2026-07-01 09:51:16,208 [1] DEBUG HostService - dotnet run:False
2026-07-01 09:51:30,258 [1] DEBUG HostService - HostService Starting ...
2026-07-01 09:51:30,258 [1] DEBUG HostService - 用户交互状态，阻塞执行！
2026-07-01 14:37:10,178 [1] DEBUG HostService - SetCurrentDirectory:D:\SMOMDev0622\SMOM.KAIZHONG\SMOM.KAIZHONG\Projects\SMOM\SIE.WebApiHost\bin\Debug\net6.0
2026-07-01 14:37:10,192 [1] INFO  HostService - 宿主环境:Development urls:
2026-07-01 14:37:10,193 [1] INFO  HostService - 使用URLs:http://*:1154
2026-07-01 14:37:10,328 [1] WARN  HostService - 当前使用iisexpress运行，Http上传配置受限于iisexpress, 请注意生产环境是dotnet自托管执行！
2026-07-01 14:37:10,329 [1] DEBUG HostService - Api Host Build...
2026-07-01 14:37:10,330 [1] DEBUG HostService - HostService Starting...
2026-07-01 14:37:10,333 [1] DEBUG HostService - dotnet run:False
2026-07-01 14:37:19,196 [1] DEBUG HostService - HostService Starting ...
2026-07-01 14:37:19,199 [1] DEBUG HostService - 用户交互状态，阻塞执行！
2026-07-01 15:15:07,735 [1] DEBUG HostService - SetCurrentDirectory:D:\SMOMDev0622\SMOM.KAIZHONG\SMOM.KAIZHONG\Projects\SMOM\SIE.WebApiHost\bin\Debug\net6.0
2026-07-01 15:15:07,759 [1] INFO  HostService - 宿主环境:Development urls:
2026-07-01 15:15:07,759 [1] INFO  HostService - 使用URLs:http://*:1154
2026-07-01 15:15:08,027 [1] WARN  HostService - 当前使用iisexpress运行，Http上传配置受限于iisexpress, 请注意生产环境是dotnet自托管执行！
2026-07-01 15:15:08,029 [1] DEBUG HostService - Api Host Build...
2026-07-01 15:15:08,031 [1] DEBUG HostService - HostService Starting...
2026-07-01 15:15:08,035 [1] DEBUG HostService - dotnet run:False
2026-07-01 15:15:17,155 [1] DEBUG HostService - HostService Starting ...
2026-07-01 15:15:17,156 [1] DEBUG HostService - 用户交互状态，阻塞执行！
2026-07-02 09:22:38,001 [1] DEBUG HostService - SetCurrentDirectory:D:\SMOMDev0622\SMOM.KAIZHONG\SMOM.KAIZHONG\Projects\SMOM\SIE.WebApiHost\bin\Debug\net6.0
2026-07-02 09:22:38,016 [1] INFO  HostService - 宿主环境:Development urls:
2026-07-02 09:22:38,017 [1] INFO  HostService - 使用URLs:http://*:1154
2026-07-02 09:22:38,144 [1] WARN  HostService - 当前使用iisexpress运行，Http上传配置受限于iisexpress, 请注意生产环境是dotnet自托管执行！
2026-07-02 09:22:38,146 [1] DEBUG HostService - Api Host Build...
2026-07-02 09:22:38,147 [1] DEBUG HostService - HostService Starting...
2026-07-02 09:22:38,150 [1] DEBUG HostService - dotnet run:False
2026-07-02 09:22:46,129 [1] DEBUG HostService - HostService Starting ...
2026-07-02 09:22:46,129 [1] DEBUG HostService - 用户交互状态，阻塞执行！
2026-07-03 14:45:44,307 [1] DEBUG HostService - SetCurrentDirectory:D:\SMOMDev0622\SMOM.KAIZHONG\SMOM.KAIZHONG\Projects\SMOM\SIE.WebApiHost\bin\Debug\net6.0
2026-07-03 14:45:44,327 [1] INFO  HostService - 宿主环境:Development urls:
2026-07-03 14:45:44,327 [1] INFO  HostService - 使用URLs:http://*:1154
2026-07-03 14:45:44,537 [1] WARN  HostService - 当前使用iisexpress运行，Http上传配置受限于iisexpress, 请注意生产环境是dotnet自托管执行！
2026-07-03 14:45:44,539 [1] DEBUG HostService - Api Host Build...
2026-07-03 14:45:44,540 [1] DEBUG HostService - HostService Starting...
2026-07-03 14:45:44,544 [1] DEBUG HostService - dotnet run:False
2026-07-03 14:45:57,016 [1] DEBUG HostService - HostService Starting ...
2026-07-03 14:45:57,018 [1] DEBUG HostService - 用户交互状态，阻塞执行！
2026-07-03 14:56:00,497 [1] DEBUG HostService - SetCurrentDirectory:D:\SMOMDev0622\SMOM.KAIZHONG\SMOM.KAIZHONG\Projects\SMOM\SIE.WebApiHost\bin\Debug\net6.0
2026-07-03 14:56:00,513 [1] INFO  HostService - 宿主环境:Development urls:
2026-07-03 14:56:00,513 [1] INFO  HostService - 使用URLs:http://*:1154
2026-07-03 14:56:00,680 [1] WARN  HostService - 当前使用iisexpress运行，Http上传配置受限于iisexpress, 请注意生产环境是dotnet自托管执行！
2026-07-03 14:56:00,683 [1] DEBUG HostService - Api Host Build...
2026-07-03 14:56:00,684 [1] DEBUG HostService - HostService Starting...
2026-07-03 14:56:00,688 [1] DEBUG HostService - dotnet run:False
2026-07-03 14:56:15,720 [1] DEBUG HostService - HostService Starting ...
2026-07-03 14:56:15,721 [1] DEBUG HostService - 用户交互状态，阻塞执行！
2026-07-03 15:18:55,743 [1] DEBUG HostService - SetCurrentDirectory:D:\SMOMDev0622\SMOM.KAIZHONG\SMOM.KAIZHONG\Projects\SMOM\SIE.WebApiHost\bin\Debug\net6.0
2026-07-03 15:18:55,770 [1] INFO  HostService - 宿主环境:Development urls:
2026-07-03 15:18:55,771 [1] INFO  HostService - 使用URLs:http://*:1154
2026-07-03 15:18:56,092 [1] WARN  HostService - 当前使用iisexpress运行，Http上传配置受限于iisexpress, 请注意生产环境是dotnet自托管执行！
2026-07-03 15:18:56,095 [1] DEBUG HostService - Api Host Build...
2026-07-03 15:18:56,096 [1] DEBUG HostService - HostService Starting...
2026-07-03 15:18:56,100 [1] DEBUG HostService - dotnet run:False
2026-07-03 15:19:04,459 [1] DEBUG HostService - HostService Starting ...
2026-07-03 15:19:04,467 [1] DEBUG HostService - 用户交互状态，阻塞执行！
2026-07-03 15:26:24,008 [1] DEBUG HostService - SetCurrentDirectory:D:\SMOMDev0622\SMOM.KAIZHONG\SMOM.KAIZHONG\Projects\SMOM\SIE.WebApiHost\bin\Debug\net6.0
2026-07-03 15:26:24,026 [1] INFO  HostService - 宿主环境:Development urls:
2026-07-03 15:26:24,026 [1] INFO  HostService - 使用URLs:http://*:1154
2026-07-03 15:26:24,219 [1] WARN  HostService - 当前使用iisexpress运行，Http上传配置受限于iisexpress, 请注意生产环境是dotnet自托管执行！
2026-07-03 15:26:24,220 [1] DEBUG HostService - Api Host Build...
2026-07-03 15:26:24,221 [1] DEBUG HostService - HostService Starting...
2026-07-03 15:26:24,225 [1] DEBUG HostService - dotnet run:False
2026-07-03 15:26:32,728 [1] DEBUG HostService - HostService Starting ...
2026-07-03 15:26:32,729 [1] DEBUG HostService - 用户交互状态，阻塞执行！
2026-07-03 16:32:21,177 [1] DEBUG HostService - SetCurrentDirectory:D:\SMOMDev0622\SMOM.KAIZHONG\SMOM.KAIZHONG\Projects\SMOM\SIE.WebApiHost\bin\Debug\net6.0
2026-07-03 16:32:21,192 [1] INFO  HostService - 宿主环境:Development urls:
2026-07-03 16:32:21,192 [1] INFO  HostService - 使用URLs:http://*:1154
2026-07-03 16:32:21,431 [1] WARN  HostService - 当前使用iisexpress运行，Http上传配置受限于iisexpress, 请注意生产环境是dotnet自托管执行！
2026-07-03 16:32:21,436 [1] DEBUG HostService - Api Host Build...
2026-07-03 16:32:21,438 [1] DEBUG HostService - HostService Starting...
2026-07-03 16:32:21,443 [1] DEBUG HostService - dotnet run:False
2026-07-03 16:32:32,868 [1] DEBUG HostService - HostService Starting ...
2026-07-03 16:32:32,869 [1] DEBUG HostService - 用户交互状态，阻塞执行！
